<?xml version='1.0' encoding='UTF-8'?>
<testsuite hostname="linux-10gl" name="com.nephometrics.dblp.DblpCitationsTest2" tests="1" errors="0" failures="0" skipped="0" time="10.416" timestamp="2019-05-28T17:41:00">
                     <properties>
[...]
</properties>
                     <testcase classname="com.nephometrics.dblp.DblpCitationsTest2" name="BaseDataConversion" time="10.416">
                                                 
                                               </testcase>
                     <system-out><![CDATA[]]></system-out>
                     <system-err><![CDATA[]]></system-err>
                   </testsuite>